<?xml version="1.0" encoding="UTF-8"?>
<!-- Generated by org.testng.reporters.JUnitReportReporter -->
<testsuite hostname="Charus-MBP" name="Academy.MissinSearch" tests="1" failures="0" timestamp="28 Apr 2019 04:33:17 GMT" time="3.791" errors="0">
  <testcase name="basePageNavigation" time="3.791" classname="Academy.MissinSearch"/>
</testsuite> <!-- Academy.MissinSearch -->
