<?xml version="1.0" encoding="UTF-8"?>
<!-- Generated by org.testng.reporters.JUnitReportReporter -->
<testsuite hostname="Charus-MBP" name="Academy.AppTest" tests="1" failures="0" timestamp="1 May 2019 05:07:13 GMT" time="0.001" errors="0">
  <testcase name="testApp" time="0.001" classname="Academy.AppTest"/>
</testsuite> <!-- Academy.AppTest -->
