<?xml version="1.0" encoding="UTF-8"?>
<!-- Generated by org.testng.reporters.JUnitReportReporter -->
<testsuite hostname="Charus-MBP" name="Academy.AppTest" tests="1" failures="0" timestamp="28 Apr 2019 04:56:05 GMT" time="0.000" errors="0">
  <testcase name="testApp" time="0.000" classname="Academy.AppTest"/>
</testsuite> <!-- Academy.AppTest -->
