<?xml version="1.0" encoding="UTF-8"?>
<!-- Generated by org.testng.reporters.JUnitReportReporter -->
<testsuite hostname="Charus-MBP" name="Academy.ListingPage" tests="1" failures="0" timestamp="28 Apr 2019 04:56:05 GMT" time="24.965" errors="0">
  <testcase name="basePageNavigation" time="24.965" classname="Academy.ListingPage"/>
</testsuite> <!-- Academy.ListingPage -->
