<?xml version="1.0" encoding="UTF-8"?>
<!-- Generated by org.testng.reporters.JUnitReportReporter -->
<testsuite hostname="Charus-MBP" name="Academy.HomePage" tests="1" failures="0" timestamp="28 Apr 2019 04:56:05 GMT" time="3.029" errors="0">
  <testcase name="basePageNavigation" time="3.029" classname="Academy.HomePage"/>
</testsuite> <!-- Academy.HomePage -->
